2025-07-11 02:38:18.459 [info] Log level: Info
2025-07-11 02:38:18.459 [info] Validating found git in: "git"
2025-07-11 02:38:18.459 [info] Using git "2.25.1" from "git"
2025-07-11 02:38:18.459 [info] > git rev-parse --show-toplevel [11ms]
2025-07-11 02:38:18.459 [info] > git rev-parse --git-dir --git-common-dir [8ms]
2025-07-11 02:38:18.459 [info] Open repository: /home/labsuser
2025-07-11 02:38:18.459 [info] > git rev-parse --show-toplevel [7ms]
2025-07-11 02:38:18.459 [info] > git config --get commit.template [8ms]
2025-07-11 02:38:18.459 [info] > git rev-parse --show-toplevel [10ms]
2025-07-11 02:38:18.459 [info] > git rev-parse --show-toplevel [21ms]
2025-07-11 02:38:18.463 [info] > git for-each-ref --format=%(refname)%00%(upstream:short)%00%(objectname)%00%(upstream:track)%00%(upstream:remotename)%00%(upstream:remoteref) refs/heads/main refs/remotes/main [38ms]
2025-07-11 02:38:18.463 [info] > git rev-parse --show-toplevel [10ms]
2025-07-11 02:38:18.463 [info] > git status -z -uall [475ms]
2025-07-11 02:38:18.463 [info] > git rev-parse --show-toplevel [482ms]
2025-07-11 02:38:18.463 [info] > git rev-parse --show-toplevel [25ms]
2025-07-11 02:38:18.463 [info] > git config --get commit.template [7ms]
2025-07-11 02:38:18.474 [info] > git for-each-ref --format=%(refname)%00%(upstream:short)%00%(objectname)%00%(upstream:track)%00%(upstream:remotename)%00%(upstream:remoteref) refs/heads/main refs/remotes/main [21ms]
2025-07-11 02:38:18.552 [info] > git status -z -uall [69ms]
2025-07-11 02:38:18.824 [info] > git show --textconv :sklearn_crypto_pipeline.py [41ms]
2025-07-11 02:38:18.825 [info] > git ls-files --stage -- /home/labsuser/sklearn_crypto_pipeline.py [31ms]
2025-07-11 02:38:18.898 [info] > git cat-file -s a104132975cb770844242eefd22d6aae39769114 [18ms]
2025-07-11 02:38:19.111 [info] > git check-ignore -v -z --stdin [108ms]
2025-07-11 02:38:22.615 [info] > git config --get commit.template [10ms]
2025-07-11 02:38:22.632 [info] > git for-each-ref --format=%(refname)%00%(upstream:short)%00%(objectname)%00%(upstream:track)%00%(upstream:remotename)%00%(upstream:remoteref) refs/heads/main refs/remotes/main [18ms]
2025-07-11 02:38:22.698 [info] > git status -z -uall [56ms]
2025-07-11 02:38:27.727 [info] > git config --get commit.template [11ms]
2025-07-11 02:38:27.743 [info] > git for-each-ref --format=%(refname)%00%(upstream:short)%00%(objectname)%00%(upstream:track)%00%(upstream:remotename)%00%(upstream:remoteref) refs/heads/main refs/remotes/main [16ms]
2025-07-11 02:38:27.806 [info] > git status -z -uall [52ms]
2025-07-11 02:38:30.842 [info] > git ls-files --stage -- /home/labsuser/sklearn_crypto_pipeline.py [8ms]
2025-07-11 02:38:30.859 [info] > git cat-file -s a104132975cb770844242eefd22d6aae39769114 [9ms]
2025-07-11 02:38:30.979 [info] > git show --textconv :sklearn_crypto_pipeline.py [16ms]
2025-07-11 02:38:32.831 [info] > git config --get commit.template [9ms]
2025-07-11 02:38:32.848 [info] > git for-each-ref --format=%(refname)%00%(upstream:short)%00%(objectname)%00%(upstream:track)%00%(upstream:remotename)%00%(upstream:remoteref) refs/heads/main refs/remotes/main [18ms]
2025-07-11 02:38:32.914 [info] > git status -z -uall [57ms]
2025-07-11 02:39:05.191 [info] > git config --get commit.template [9ms]
2025-07-11 02:39:05.214 [info] > git for-each-ref --format=%(refname)%00%(upstream:short)%00%(objectname)%00%(upstream:track)%00%(upstream:remotename)%00%(upstream:remoteref) refs/heads/main refs/remotes/main [24ms]
2025-07-11 02:39:05.290 [info] > git status -z -uall [68ms]
2025-07-11 02:39:09.107 [info] > git ls-files --stage -- /home/labsuser/sklearn_crypto_pipeline.py [9ms]
2025-07-11 02:39:09.124 [info] > git cat-file -s a104132975cb770844242eefd22d6aae39769114 [11ms]
2025-07-11 02:39:09.257 [info] > git show --textconv :sklearn_crypto_pipeline.py [17ms]
2025-07-11 02:39:10.309 [info] No remotes found in the git config file.
2025-07-11 02:39:10.315 [info] > git config --get commit.template [7ms]
2025-07-11 02:39:10.332 [info] > git for-each-ref --format=%(refname)%00%(upstream:short)%00%(objectname)%00%(upstream:track)%00%(upstream:remotename)%00%(upstream:remoteref) refs/heads/main refs/remotes/main [18ms]
2025-07-11 02:39:10.391 [info] > git status -z -uall [53ms]
2025-07-11 02:39:30.586 [info] No remotes found in the git config file.
2025-07-11 02:39:30.587 [info] > git config --get commit.template [7ms]
2025-07-11 02:39:30.604 [info] > git for-each-ref --format=%(refname)%00%(upstream:short)%00%(objectname)%00%(upstream:track)%00%(upstream:remotename)%00%(upstream:remoteref) refs/heads/main refs/remotes/main [18ms]
2025-07-11 02:39:30.665 [info] > git status -z -uall [55ms]
2025-07-11 02:39:33.412 [info] > git ls-files --stage -- /home/labsuser/sklearn_crypto_pipeline.py [9ms]
2025-07-11 02:39:33.429 [info] > git cat-file -s a104132975cb770844242eefd22d6aae39769114 [11ms]
2025-07-11 02:39:33.547 [info] > git show --textconv :sklearn_crypto_pipeline.py [16ms]
2025-07-11 02:39:42.291 [info] > git config --get commit.template [7ms]
2025-07-11 02:39:42.306 [info] > git for-each-ref --format=%(refname)%00%(upstream:short)%00%(objectname)%00%(upstream:track)%00%(upstream:remotename)%00%(upstream:remoteref) refs/heads/main refs/remotes/main [16ms]
2025-07-11 02:39:42.369 [info] > git status -z -uall [56ms]
2025-07-11 02:39:45.222 [info] > git ls-files --stage -- /home/labsuser/sklearn_crypto_pipeline.py [10ms]
2025-07-11 02:39:45.240 [info] > git cat-file -s a104132975cb770844242eefd22d6aae39769114 [11ms]
2025-07-11 02:39:45.363 [info] > git show --textconv :sklearn_crypto_pipeline.py [16ms]
2025-07-11 02:39:59.756 [info] > git config --get commit.template [7ms]
2025-07-11 02:39:59.774 [info] > git for-each-ref --format=%(refname)%00%(upstream:short)%00%(objectname)%00%(upstream:track)%00%(upstream:remotename)%00%(upstream:remoteref) refs/heads/main refs/remotes/main [19ms]
2025-07-11 02:39:59.835 [info] > git status -z -uall [55ms]
2025-07-11 02:40:04.857 [info] > git config --get commit.template [7ms]
2025-07-11 02:40:04.873 [info] > git for-each-ref --format=%(refname)%00%(upstream:short)%00%(objectname)%00%(upstream:track)%00%(upstream:remotename)%00%(upstream:remoteref) refs/heads/main refs/remotes/main [17ms]
2025-07-11 02:40:04.939 [info] > git status -z -uall [58ms]
2025-07-11 02:40:09.960 [info] > git config --get commit.template [8ms]
2025-07-11 02:40:09.977 [info] > git for-each-ref --format=%(refname)%00%(upstream:short)%00%(objectname)%00%(upstream:track)%00%(upstream:remotename)%00%(upstream:remoteref) refs/heads/main refs/remotes/main [17ms]
2025-07-11 02:40:10.036 [info] > git status -z -uall [52ms]
2025-07-11 02:40:15.057 [info] > git config --get commit.template [7ms]
2025-07-11 02:40:15.074 [info] > git for-each-ref --format=%(refname)%00%(upstream:short)%00%(objectname)%00%(upstream:track)%00%(upstream:remotename)%00%(upstream:remoteref) refs/heads/main refs/remotes/main [16ms]
2025-07-11 02:40:15.132 [info] > git status -z -uall [51ms]
2025-07-11 02:41:47.304 [info] > git config --get commit.template [9ms]
2025-07-11 02:41:47.327 [info] > git for-each-ref --format=%(refname)%00%(upstream:short)%00%(objectname)%00%(upstream:track)%00%(upstream:remotename)%00%(upstream:remoteref) refs/heads/main refs/remotes/main [25ms]
2025-07-11 02:41:47.416 [info] > git status -z -uall [82ms]
2025-07-11 02:41:47.424 [info] > git ls-files --stage -- /home/labsuser/sklearn_crypto_pipeline.py [12ms]
2025-07-11 02:41:47.441 [info] > git cat-file -s a104132975cb770844242eefd22d6aae39769114 [10ms]
2025-07-11 02:41:47.570 [info] > git show --textconv :sklearn_crypto_pipeline.py [16ms]
2025-07-11 02:41:52.439 [info] > git config --get commit.template [7ms]
2025-07-11 02:41:52.456 [info] > git for-each-ref --format=%(refname)%00%(upstream:short)%00%(objectname)%00%(upstream:track)%00%(upstream:remotename)%00%(upstream:remoteref) refs/heads/main refs/remotes/main [17ms]
2025-07-11 02:41:52.516 [info] > git status -z -uall [53ms]
2025-07-11 02:41:57.545 [info] > git config --get commit.template [12ms]
2025-07-11 02:41:57.574 [info] > git for-each-ref --format=%(refname)%00%(upstream:short)%00%(objectname)%00%(upstream:track)%00%(upstream:remotename)%00%(upstream:remoteref) refs/heads/main refs/remotes/main [34ms]
2025-07-11 02:41:57.642 [info] > git status -z -uall [60ms]
2025-07-11 02:42:02.664 [info] > git config --get commit.template [7ms]
2025-07-11 02:42:02.689 [info] > git for-each-ref --format=%(refname)%00%(upstream:short)%00%(objectname)%00%(upstream:track)%00%(upstream:remotename)%00%(upstream:remoteref) refs/heads/main refs/remotes/main [26ms]
2025-07-11 02:42:02.764 [info] > git status -z -uall [67ms]
2025-07-11 02:42:07.786 [info] > git config --get commit.template [8ms]
2025-07-11 02:42:07.802 [info] > git for-each-ref --format=%(refname)%00%(upstream:short)%00%(objectname)%00%(upstream:track)%00%(upstream:remotename)%00%(upstream:remoteref) refs/heads/main refs/remotes/main [17ms]
2025-07-11 02:42:07.860 [info] > git status -z -uall [50ms]
2025-07-11 02:42:12.880 [info] > git config --get commit.template [7ms]
2025-07-11 02:42:12.900 [info] > git for-each-ref --format=%(refname)%00%(upstream:short)%00%(objectname)%00%(upstream:track)%00%(upstream:remotename)%00%(upstream:remoteref) refs/heads/main refs/remotes/main [21ms]
2025-07-11 02:42:12.968 [info] > git status -z -uall [61ms]
2025-07-11 02:42:17.992 [info] > git config --get commit.template [11ms]
2025-07-11 02:42:18.032 [info] > git for-each-ref --format=%(refname)%00%(upstream:short)%00%(objectname)%00%(upstream:track)%00%(upstream:remotename)%00%(upstream:remoteref) refs/heads/main refs/remotes/main [44ms]
2025-07-11 02:42:18.115 [info] > git status -z -uall [76ms]
2025-07-11 02:42:23.135 [info] > git config --get commit.template [7ms]
2025-07-11 02:42:23.153 [info] > git for-each-ref --format=%(refname)%00%(upstream:short)%00%(objectname)%00%(upstream:track)%00%(upstream:remotename)%00%(upstream:remoteref) refs/heads/main refs/remotes/main [17ms]
2025-07-11 02:42:23.210 [info] > git status -z -uall [51ms]
2025-07-11 02:42:46.063 [info] > git config --get commit.template [6ms]
2025-07-11 02:42:46.080 [info] > git for-each-ref --format=%(refname)%00%(upstream:short)%00%(objectname)%00%(upstream:track)%00%(upstream:remotename)%00%(upstream:remoteref) refs/heads/main refs/remotes/main [18ms]
2025-07-11 02:42:46.135 [info] > git status -z -uall [50ms]
2025-07-11 02:42:51.155 [info] > git config --get commit.template [6ms]
2025-07-11 02:42:51.175 [info] > git for-each-ref --format=%(refname)%00%(upstream:short)%00%(objectname)%00%(upstream:track)%00%(upstream:remotename)%00%(upstream:remoteref) refs/heads/main refs/remotes/main [20ms]
2025-07-11 02:42:51.246 [info] > git status -z -uall [62ms]
2025-07-11 02:42:55.963 [info] > git ls-files --stage -- /home/labsuser/sklearn_crypto_pipeline.py [8ms]
2025-07-11 02:42:55.983 [info] > git cat-file -s 34e4b54837b50cba13f2899c4b9064b41ed7e362 [14ms]
2025-07-11 02:42:56.101 [info] > git show --textconv :sklearn_crypto_pipeline.py [17ms]
2025-07-11 02:42:56.267 [info] > git config --get commit.template [8ms]
2025-07-11 02:42:56.293 [info] > git for-each-ref --format=%(refname)%00%(upstream:short)%00%(objectname)%00%(upstream:track)%00%(upstream:remotename)%00%(upstream:remoteref) refs/heads/main refs/remotes/main [27ms]
2025-07-11 02:42:56.355 [info] > git status -z -uall [56ms]
2025-07-11 02:43:01.377 [info] > git config --get commit.template [7ms]
2025-07-11 02:43:01.399 [info] > git for-each-ref --format=%(refname)%00%(upstream:short)%00%(objectname)%00%(upstream:track)%00%(upstream:remotename)%00%(upstream:remoteref) refs/heads/main refs/remotes/main [22ms]
2025-07-11 02:43:01.458 [info] > git status -z -uall [53ms]
2025-07-11 02:43:06.478 [info] > git config --get commit.template [7ms]
2025-07-11 02:43:06.499 [info] > git for-each-ref --format=%(refname)%00%(upstream:short)%00%(objectname)%00%(upstream:track)%00%(upstream:remotename)%00%(upstream:remoteref) refs/heads/main refs/remotes/main [22ms]
2025-07-11 02:43:06.554 [info] > git status -z -uall [49ms]
2025-07-11 02:43:11.575 [info] > git config --get commit.template [6ms]
2025-07-11 02:43:11.595 [info] > git for-each-ref --format=%(refname)%00%(upstream:short)%00%(objectname)%00%(upstream:track)%00%(upstream:remotename)%00%(upstream:remoteref) refs/heads/main refs/remotes/main [20ms]
2025-07-11 02:43:11.655 [info] > git status -z -uall [54ms]
2025-07-11 02:43:16.674 [info] > git config --get commit.template [7ms]
2025-07-11 02:43:16.693 [info] > git for-each-ref --format=%(refname)%00%(upstream:short)%00%(objectname)%00%(upstream:track)%00%(upstream:remotename)%00%(upstream:remoteref) refs/heads/main refs/remotes/main [20ms]
2025-07-11 02:43:16.750 [info] > git status -z -uall [52ms]
2025-07-11 02:43:24.579 [info] > git config --get commit.template [7ms]
2025-07-11 02:43:24.601 [info] > git for-each-ref --format=%(refname)%00%(upstream:short)%00%(objectname)%00%(upstream:track)%00%(upstream:remotename)%00%(upstream:remoteref) refs/heads/main refs/remotes/main [23ms]
2025-07-11 02:43:24.664 [info] > git status -z -uall [58ms]
2025-07-11 02:43:29.685 [info] > git config --get commit.template [9ms]
2025-07-11 02:43:29.712 [info] > git for-each-ref --format=%(refname)%00%(upstream:short)%00%(objectname)%00%(upstream:track)%00%(upstream:remotename)%00%(upstream:remoteref) refs/heads/main refs/remotes/main [28ms]
2025-07-11 02:43:29.774 [info] > git status -z -uall [55ms]
2025-07-11 02:43:34.794 [info] > git config --get commit.template [7ms]
2025-07-11 02:43:34.814 [info] > git for-each-ref --format=%(refname)%00%(upstream:short)%00%(objectname)%00%(upstream:track)%00%(upstream:remotename)%00%(upstream:remoteref) refs/heads/main refs/remotes/main [21ms]
2025-07-11 02:43:34.874 [info] > git status -z -uall [54ms]
2025-07-11 02:43:39.893 [info] > git config --get commit.template [6ms]
2025-07-11 02:43:39.913 [info] > git for-each-ref --format=%(refname)%00%(upstream:short)%00%(objectname)%00%(upstream:track)%00%(upstream:remotename)%00%(upstream:remoteref) refs/heads/main refs/remotes/main [20ms]
2025-07-11 02:43:39.969 [info] > git status -z -uall [51ms]
2025-07-11 02:43:44.988 [info] > git config --get commit.template [6ms]
2025-07-11 02:43:45.010 [info] > git for-each-ref --format=%(refname)%00%(upstream:short)%00%(objectname)%00%(upstream:track)%00%(upstream:remotename)%00%(upstream:remoteref) refs/heads/main refs/remotes/main [22ms]
2025-07-11 02:43:45.075 [info] > git status -z -uall [58ms]
2025-07-11 02:43:50.095 [info] > git config --get commit.template [7ms]
2025-07-11 02:43:50.116 [info] > git for-each-ref --format=%(refname)%00%(upstream:short)%00%(objectname)%00%(upstream:track)%00%(upstream:remotename)%00%(upstream:remoteref) refs/heads/main refs/remotes/main [22ms]
2025-07-11 02:43:50.174 [info] > git status -z -uall [53ms]
2025-07-11 02:43:55.195 [info] > git config --get commit.template [6ms]
2025-07-11 02:43:55.218 [info] > git for-each-ref --format=%(refname)%00%(upstream:short)%00%(objectname)%00%(upstream:track)%00%(upstream:remotename)%00%(upstream:remoteref) refs/heads/main refs/remotes/main [24ms]
2025-07-11 02:43:55.288 [info] > git status -z -uall [64ms]
2025-07-11 02:44:00.308 [info] > git config --get commit.template [6ms]
2025-07-11 02:44:00.329 [info] > git for-each-ref --format=%(refname)%00%(upstream:short)%00%(objectname)%00%(upstream:track)%00%(upstream:remotename)%00%(upstream:remoteref) refs/heads/main refs/remotes/main [21ms]
2025-07-11 02:44:00.390 [info] > git status -z -uall [55ms]
2025-07-11 02:44:05.410 [info] > git config --get commit.template [6ms]
2025-07-11 02:44:05.431 [info] > git for-each-ref --format=%(refname)%00%(upstream:short)%00%(objectname)%00%(upstream:track)%00%(upstream:remotename)%00%(upstream:remoteref) refs/heads/main refs/remotes/main [21ms]
2025-07-11 02:44:05.490 [info] > git status -z -uall [53ms]
2025-07-11 02:44:06.853 [info] > git check-ignore -v -z --stdin [10ms]
2025-07-11 02:44:07.819 [info] > git ls-files --stage -- /home/labsuser/sklearn_crypto_pipeline.py [9ms]
2025-07-11 02:44:07.834 [info] > git cat-file -s 34e4b54837b50cba13f2899c4b9064b41ed7e362 [10ms]
2025-07-11 02:44:07.951 [info] > git show --textconv :sklearn_crypto_pipeline.py [16ms]
2025-07-11 02:44:10.531 [info] > git for-each-ref --format=%(refname)%00%(upstream:short)%00%(objectname)%00%(upstream:track)%00%(upstream:remotename)%00%(upstream:remoteref) refs/heads/main refs/remotes/main [25ms]
2025-07-11 02:44:10.597 [info] > git status -z -uall [59ms]
2025-07-11 02:44:13.351 [info] > git ls-files --stage -- /home/labsuser/sklearn_crypto_pipeline.py [8ms]
2025-07-11 02:44:13.367 [info] > git cat-file -s 34e4b54837b50cba13f2899c4b9064b41ed7e362 [11ms]
2025-07-11 02:44:13.485 [info] > git show --textconv :sklearn_crypto_pipeline.py [17ms]
2025-07-11 02:44:15.660 [info] > git for-each-ref --format=%(refname)%00%(upstream:short)%00%(objectname)%00%(upstream:track)%00%(upstream:remotename)%00%(upstream:remoteref) refs/heads/main refs/remotes/main [47ms]
2025-07-11 02:44:15.736 [info] > git status -z -uall [68ms]
2025-07-11 02:44:20.773 [info] > git for-each-ref --format=%(refname)%00%(upstream:short)%00%(objectname)%00%(upstream:track)%00%(upstream:remotename)%00%(upstream:remoteref) refs/heads/main refs/remotes/main [23ms]
2025-07-11 02:44:20.843 [info] > git status -z -uall [64ms]
2025-07-11 02:44:25.885 [info] > git for-each-ref --format=%(refname)%00%(upstream:short)%00%(objectname)%00%(upstream:track)%00%(upstream:remotename)%00%(upstream:remoteref) refs/heads/main refs/remotes/main [26ms]
2025-07-11 02:44:25.967 [info] > git status -z -uall [77ms]
2025-07-11 02:44:32.703 [info] > git for-each-ref --format=%(refname)%00%(upstream:short)%00%(objectname)%00%(upstream:track)%00%(upstream:remotename)%00%(upstream:remoteref) refs/heads/main refs/remotes/main [23ms]
2025-07-11 02:44:32.762 [info] > git status -z -uall [54ms]
2025-07-11 02:44:37.800 [info] > git for-each-ref --format=%(refname)%00%(upstream:short)%00%(objectname)%00%(upstream:track)%00%(upstream:remotename)%00%(upstream:remoteref) refs/heads/main refs/remotes/main [23ms]
2025-07-11 02:44:37.865 [info] > git status -z -uall [58ms]
2025-07-11 02:44:42.899 [info] > git for-each-ref --format=%(refname)%00%(upstream:short)%00%(objectname)%00%(upstream:track)%00%(upstream:remotename)%00%(upstream:remoteref) refs/heads/main refs/remotes/main [21ms]
2025-07-11 02:44:42.959 [info] > git status -z -uall [54ms]
2025-07-11 02:44:47.996 [info] > git for-each-ref --format=%(refname)%00%(upstream:short)%00%(objectname)%00%(upstream:track)%00%(upstream:remotename)%00%(upstream:remoteref) refs/heads/main refs/remotes/main [22ms]
2025-07-11 02:44:48.058 [info] > git status -z -uall [55ms]
2025-07-11 02:44:49.727 [info] > git ls-files --stage -- /home/labsuser/sklearn_crypto_pipeline.py [8ms]
2025-07-11 02:44:49.742 [info] > git cat-file -s 34e4b54837b50cba13f2899c4b9064b41ed7e362 [10ms]
2025-07-11 02:44:49.858 [info] > git show --textconv :sklearn_crypto_pipeline.py [15ms]
2025-07-11 02:44:53.095 [info] > git for-each-ref --format=%(refname)%00%(upstream:short)%00%(objectname)%00%(upstream:track)%00%(upstream:remotename)%00%(upstream:remoteref) refs/heads/main refs/remotes/main [23ms]
2025-07-11 02:44:53.157 [info] > git status -z -uall [55ms]
2025-07-11 02:44:58.196 [info] > git for-each-ref --format=%(refname)%00%(upstream:short)%00%(objectname)%00%(upstream:track)%00%(upstream:remotename)%00%(upstream:remoteref) refs/heads/main refs/remotes/main [24ms]
2025-07-11 02:44:58.258 [info] > git status -z -uall [55ms]
2025-07-11 02:44:58.976 [info] > git ls-files --stage -- /home/labsuser/sklearn_crypto_pipeline.py [8ms]
2025-07-11 02:44:58.991 [info] > git cat-file -s 34e4b54837b50cba13f2899c4b9064b41ed7e362 [9ms]
2025-07-11 02:44:59.114 [info] > git show --textconv :sklearn_crypto_pipeline.py [16ms]
2025-07-11 02:45:03.295 [info] > git for-each-ref --format=%(refname)%00%(upstream:short)%00%(objectname)%00%(upstream:track)%00%(upstream:remotename)%00%(upstream:remoteref) refs/heads/main refs/remotes/main [22ms]
2025-07-11 02:45:03.356 [info] > git status -z -uall [55ms]
2025-07-11 02:45:08.397 [info] > git for-each-ref --format=%(refname)%00%(upstream:short)%00%(objectname)%00%(upstream:track)%00%(upstream:remotename)%00%(upstream:remoteref) refs/heads/main refs/remotes/main [27ms]
2025-07-11 02:45:08.462 [info] > git status -z -uall [58ms]
2025-07-11 02:45:13.501 [info] > git for-each-ref --format=%(refname)%00%(upstream:short)%00%(objectname)%00%(upstream:track)%00%(upstream:remotename)%00%(upstream:remoteref) refs/heads/main refs/remotes/main [26ms]
2025-07-11 02:45:13.570 [info] > git status -z -uall [63ms]
2025-07-11 02:45:15.463 [info] > git ls-files --stage -- /home/labsuser/sklearn_crypto_pipeline.py [8ms]
2025-07-11 02:45:15.479 [info] > git cat-file -s 34e4b54837b50cba13f2899c4b9064b41ed7e362 [10ms]
2025-07-11 02:45:15.608 [info] > git show --textconv :sklearn_crypto_pipeline.py [15ms]
2025-07-11 02:45:18.604 [info] > git for-each-ref --format=%(refname)%00%(upstream:short)%00%(objectname)%00%(upstream:track)%00%(upstream:remotename)%00%(upstream:remoteref) refs/heads/main refs/remotes/main [20ms]
2025-07-11 02:45:18.664 [info] > git status -z -uall [52ms]
2025-07-11 02:45:23.701 [info] > git for-each-ref --format=%(refname)%00%(upstream:short)%00%(objectname)%00%(upstream:track)%00%(upstream:remotename)%00%(upstream:remoteref) refs/heads/main refs/remotes/main [23ms]
2025-07-11 02:45:23.763 [info] > git status -z -uall [57ms]
2025-07-11 02:45:26.344 [info] > git ls-files --stage -- /home/labsuser/sklearn_crypto_pipeline.py [8ms]
2025-07-11 02:45:26.359 [info] > git cat-file -s 34e4b54837b50cba13f2899c4b9064b41ed7e362 [10ms]
2025-07-11 02:45:26.485 [info] > git show --textconv :sklearn_crypto_pipeline.py [17ms]
2025-07-11 02:45:28.800 [info] > git for-each-ref --format=%(refname)%00%(upstream:short)%00%(objectname)%00%(upstream:track)%00%(upstream:remotename)%00%(upstream:remoteref) refs/heads/main refs/remotes/main [22ms]
2025-07-11 02:45:28.863 [info] > git status -z -uall [56ms]
2025-07-11 02:45:31.722 [info] > git check-ignore -v -z --stdin [9ms]
2025-07-11 02:45:37.706 [info] > git for-each-ref --format=%(refname)%00%(upstream:short)%00%(objectname)%00%(upstream:track)%00%(upstream:remotename)%00%(upstream:remoteref) refs/heads/main refs/remotes/main [21ms]
2025-07-11 02:45:37.765 [info] > git status -z -uall [54ms]
2025-07-11 02:45:46.303 [info] > git for-each-ref --format=%(refname)%00%(upstream:short)%00%(objectname)%00%(upstream:track)%00%(upstream:remotename)%00%(upstream:remoteref) refs/heads/main refs/remotes/main [29ms]
2025-07-11 02:45:46.368 [info] > git status -z -uall [59ms]
2025-07-11 02:45:46.914 [info] > git ls-files --stage -- /home/labsuser/main.py [8ms]
2025-07-11 02:45:46.919 [info] > git show --textconv :main.py [20ms]
2025-07-11 02:45:46.932 [info] > git cat-file -s b23de9da899815136d4a0984aaf67fabd448f116 [13ms]
2025-07-11 02:45:51.405 [info] > git for-each-ref --format=%(refname)%00%(upstream:short)%00%(objectname)%00%(upstream:track)%00%(upstream:remotename)%00%(upstream:remoteref) refs/heads/main refs/remotes/main [22ms]
2025-07-11 02:45:51.465 [info] > git status -z -uall [54ms]
2025-07-11 02:45:56.504 [info] > git for-each-ref --format=%(refname)%00%(upstream:short)%00%(objectname)%00%(upstream:track)%00%(upstream:remotename)%00%(upstream:remoteref) refs/heads/main refs/remotes/main [25ms]
2025-07-11 02:45:56.578 [info] > git status -z -uall [69ms]
2025-07-11 02:46:01.615 [info] > git for-each-ref --format=%(refname)%00%(upstream:short)%00%(objectname)%00%(upstream:track)%00%(upstream:remotename)%00%(upstream:remoteref) refs/heads/main refs/remotes/main [23ms]
2025-07-11 02:46:01.676 [info] > git status -z -uall [55ms]
2025-07-11 02:46:06.713 [info] > git for-each-ref --format=%(refname)%00%(upstream:short)%00%(objectname)%00%(upstream:track)%00%(upstream:remotename)%00%(upstream:remoteref) refs/heads/main refs/remotes/main [22ms]
2025-07-11 02:46:06.773 [info] > git status -z -uall [55ms]
2025-07-11 02:46:11.814 [info] > git for-each-ref --format=%(refname)%00%(upstream:short)%00%(objectname)%00%(upstream:track)%00%(upstream:remotename)%00%(upstream:remoteref) refs/heads/main refs/remotes/main [25ms]
2025-07-11 02:46:11.877 [info] > git status -z -uall [58ms]
2025-07-11 02:46:16.916 [info] > git for-each-ref --format=%(refname)%00%(upstream:short)%00%(objectname)%00%(upstream:track)%00%(upstream:remotename)%00%(upstream:remoteref) refs/heads/main refs/remotes/main [24ms]
2025-07-11 02:46:16.983 [info] > git status -z -uall [61ms]
2025-07-11 02:46:22.021 [info] > git for-each-ref --format=%(refname)%00%(upstream:short)%00%(objectname)%00%(upstream:track)%00%(upstream:remotename)%00%(upstream:remoteref) refs/heads/main refs/remotes/main [22ms]
2025-07-11 02:46:22.082 [info] > git status -z -uall [56ms]
2025-07-11 02:46:27.119 [info] > git for-each-ref --format=%(refname)%00%(upstream:short)%00%(objectname)%00%(upstream:track)%00%(upstream:remotename)%00%(upstream:remoteref) refs/heads/main refs/remotes/main [22ms]
2025-07-11 02:46:27.177 [info] > git status -z -uall [52ms]
2025-07-11 02:46:32.212 [info] > git for-each-ref --format=%(refname)%00%(upstream:short)%00%(objectname)%00%(upstream:track)%00%(upstream:remotename)%00%(upstream:remoteref) refs/heads/main refs/remotes/main [18ms]
2025-07-11 02:46:32.273 [info] > git status -z -uall [54ms]
2025-07-11 02:46:32.914 [info] > git ls-files --stage -- /home/labsuser/loaders.py [7ms]
2025-07-11 02:46:32.919 [info] > git show --textconv :loaders.py [17ms]
2025-07-11 02:46:32.930 [info] > git cat-file -s 54501a50f8058abe7de8bf3ae96a05e5f19890d3 [12ms]
2025-07-11 02:46:37.304 [info] > git for-each-ref --format=%(refname)%00%(upstream:short)%00%(objectname)%00%(upstream:track)%00%(upstream:remotename)%00%(upstream:remoteref) refs/heads/main refs/remotes/main [17ms]
2025-07-11 02:46:37.359 [info] > git status -z -uall [50ms]
2025-07-11 02:46:42.391 [info] > git for-each-ref --format=%(refname)%00%(upstream:short)%00%(objectname)%00%(upstream:track)%00%(upstream:remotename)%00%(upstream:remoteref) refs/heads/main refs/remotes/main [18ms]
2025-07-11 02:46:42.445 [info] > git status -z -uall [48ms]
2025-07-11 02:46:47.479 [info] > git for-each-ref --format=%(refname)%00%(upstream:short)%00%(objectname)%00%(upstream:track)%00%(upstream:remotename)%00%(upstream:remoteref) refs/heads/main refs/remotes/main [19ms]
2025-07-11 02:46:47.537 [info] > git status -z -uall [52ms]
2025-07-11 02:46:52.570 [info] > git for-each-ref --format=%(refname)%00%(upstream:short)%00%(objectname)%00%(upstream:track)%00%(upstream:remotename)%00%(upstream:remoteref) refs/heads/main refs/remotes/main [18ms]
2025-07-11 02:46:52.623 [info] > git status -z -uall [47ms]
2025-07-11 02:46:57.656 [info] > git for-each-ref --format=%(refname)%00%(upstream:short)%00%(objectname)%00%(upstream:track)%00%(upstream:remotename)%00%(upstream:remoteref) refs/heads/main refs/remotes/main [18ms]
2025-07-11 02:46:57.708 [info] > git status -z -uall [45ms]
2025-07-11 02:47:02.741 [info] > git for-each-ref --format=%(refname)%00%(upstream:short)%00%(objectname)%00%(upstream:track)%00%(upstream:remotename)%00%(upstream:remoteref) refs/heads/main refs/remotes/main [17ms]
2025-07-11 02:47:02.792 [info] > git status -z -uall [46ms]
2025-07-11 02:47:07.824 [info] > git for-each-ref --format=%(refname)%00%(upstream:short)%00%(objectname)%00%(upstream:track)%00%(upstream:remotename)%00%(upstream:remoteref) refs/heads/main refs/remotes/main [18ms]
2025-07-11 02:47:07.878 [info] > git status -z -uall [48ms]
2025-07-11 02:47:12.911 [info] > git for-each-ref --format=%(refname)%00%(upstream:short)%00%(objectname)%00%(upstream:track)%00%(upstream:remotename)%00%(upstream:remoteref) refs/heads/main refs/remotes/main [19ms]
2025-07-11 02:47:12.975 [info] > git status -z -uall [58ms]
2025-07-11 02:47:18.007 [info] > git for-each-ref --format=%(refname)%00%(upstream:short)%00%(objectname)%00%(upstream:track)%00%(upstream:remotename)%00%(upstream:remoteref) refs/heads/main refs/remotes/main [18ms]
2025-07-11 02:47:18.063 [info] > git status -z -uall [50ms]
2025-07-11 02:47:23.098 [info] > git for-each-ref --format=%(refname)%00%(upstream:short)%00%(objectname)%00%(upstream:track)%00%(upstream:remotename)%00%(upstream:remoteref) refs/heads/main refs/remotes/main [20ms]
2025-07-11 02:47:23.162 [info] > git status -z -uall [58ms]
2025-07-11 02:47:28.195 [info] > git for-each-ref --format=%(refname)%00%(upstream:short)%00%(objectname)%00%(upstream:track)%00%(upstream:remotename)%00%(upstream:remoteref) refs/heads/main refs/remotes/main [20ms]
2025-07-11 02:47:28.257 [info] > git status -z -uall [55ms]
2025-07-11 02:47:33.291 [info] > git for-each-ref --format=%(refname)%00%(upstream:short)%00%(objectname)%00%(upstream:track)%00%(upstream:remotename)%00%(upstream:remoteref) refs/heads/main refs/remotes/main [18ms]
2025-07-11 02:47:33.346 [info] > git status -z -uall [49ms]
2025-07-11 02:48:02.686 [info] > git for-each-ref --format=%(refname)%00%(upstream:short)%00%(objectname)%00%(upstream:track)%00%(upstream:remotename)%00%(upstream:remoteref) refs/heads/main refs/remotes/main [23ms]
2025-07-11 02:48:02.744 [info] > git status -z -uall [51ms]
2025-07-11 02:48:07.775 [info] > git for-each-ref --format=%(refname)%00%(upstream:short)%00%(objectname)%00%(upstream:track)%00%(upstream:remotename)%00%(upstream:remoteref) refs/heads/main refs/remotes/main [19ms]
2025-07-11 02:48:07.832 [info] > git status -z -uall [51ms]
